{"uid":"6a614571faf0e830","name":"US24 Filter orders by email & subtotal, order_number desc","fullName":"BACKEND JDBC TESTING: US24 Filter orders by email & subtotal, order_number desc","historyId":"e46667e9ef8d6de1bcff963bfbed295d","time":{"start":1761071882739,"stop":1761071882746,"duration":7},"status":"skipped","statusMessage":"Undefined Step. Please add step definition","statusTrace":"java.lang.IllegalStateException: Undefined Step. Please add step definition\r\n\tat io.qameta.allure.cucumber7jvm.AllureCucumber7Jvm.handlePickleStep(AllureCucumber7Jvm.java:414)\r\n\tat io.qameta.allure.cucumber7jvm.AllureCucumber7Jvm.handleTestStepFinished(AllureCucumber7Jvm.java:244)\r\n\tat io.cucumber.core.eventbus.AbstractEventPublisher.send(AbstractEventPublisher.java:51)\r\n\tat io.cucumber.core.eventbus.AbstractEventBus.send(AbstractEventBus.java:12)\r\n\tat io.cucumber.core.runtime.SynchronizedEventBus.send(SynchronizedEventBus.java:47)\r\n\tat io.cucumber.core.runtime.ThreadLocalRunnerSupplier$LocalEventBus.send(ThreadLocalRunnerSupplier.java:62)\r\n\tat io.cucumber.core.runner.TestStep.emitTestStepFinished(TestStep.java:116)\r\n\tat io.cucumber.core.runner.TestStep.run(TestStep.java:67)\r\n\tat io.cucumber.core.runner.PickleStepTestStep.run(PickleStepTestStep.java:51)\r\n\tat io.cucumber.core.runner.TestCase.run(TestCase.java:84)\r\n\tat io.cucumber.core.runner.Runner.runPickle(Runner.java:75)\r\n\tat io.cucumber.junit.PickleRunners$NoStepDescriptions.lambda$run$0(PickleRunners.java:151)\r\n\tat io.cucumber.core.runtime.CucumberExecutionContext.lambda$runTestCase$5(CucumberExecutionContext.java:137)\r\n\tat io.cucumber.core.runtime.RethrowingThrowableCollector.executeAndThrow(RethrowingThrowableCollector.java:23)\r\n\tat io.cucumber.core.runtime.CucumberExecutionContext.runTestCase(CucumberExecutionContext.java:137)\r\n\tat io.cucumber.junit.PickleRunners$NoStepDescriptions.run(PickleRunners.java:148)\r\n\tat io.cucumber.junit.FeatureRunner.runChild(FeatureRunner.java:144)\r\n\tat io.cucumber.junit.FeatureRunner.runChild(FeatureRunner.java:28)\r\n\tat org.junit.runners.ParentRunner$4.run(ParentRunner.java:331)\r\n\tat org.junit.runners.ParentRunner$1.schedule(ParentRunner.java:79)\r\n\tat org.junit.runners.ParentRunner.runChildren(ParentRunner.java:329)\r\n\tat org.junit.runners.ParentRunner.access$100(ParentRunner.java:66)\r\n\tat org.junit.runners.ParentRunner$2.evaluate(ParentRunner.java:293)\r\n\tat org.junit.runners.ParentRunner$3.evaluate(ParentRunner.java:306)\r\n\tat org.junit.runners.ParentRunner.run(ParentRunner.java:413)\r\n\tat io.cucumber.junit.FeatureRunner.run(FeatureRunner.java:137)\r\n\tat io.cucumber.junit.Cucumber.runChild(Cucumber.java:196)\r\n\tat io.cucumber.junit.Cucumber.runChild(Cucumber.java:89)\r\n\tat org.junit.runners.ParentRunner$4.run(ParentRunner.java:331)\r\n\tat org.junit.runners.ParentRunner$1.schedule(ParentRunner.java:79)\r\n\tat org.junit.runners.ParentRunner.runChildren(ParentRunner.java:329)\r\n\tat org.junit.runners.ParentRunner.access$100(ParentRunner.java:66)\r\n\tat org.junit.runners.ParentRunner$2.evaluate(ParentRunner.java:293)\r\n\tat io.cucumber.core.runtime.CucumberExecutionContext.lambda$runFeatures$6(CucumberExecutionContext.java:148)\r\n\tat io.cucumber.core.runtime.CucumberExecutionContext.execute(CucumberExecutionContext.java:163)\r\n\tat io.cucumber.core.runtime.CucumberExecutionContext.runFeatures(CucumberExecutionContext.java:146)\r\n\tat io.cucumber.junit.Cucumber$StartAndFinishTestRun.evaluate(Cucumber.java:226)\r\n\tat org.junit.runners.ParentRunner$3.evaluate(ParentRunner.java:306)\r\n\tat org.junit.runners.ParentRunner.run(ParentRunner.java:413)\r\n\tat org.junit.runner.JUnitCore.run(JUnitCore.java:137)\r\n\tat com.intellij.junit4.JUnit4IdeaTestRunner.startRunnerWithArgs(JUnit4IdeaTestRunner.java:69)\r\n\tat com.intellij.rt.junit.IdeaTestRunner$Repeater$1.execute(IdeaTestRunner.java:38)\r\n\tat com.intellij.rt.execution.junit.TestsRepeater.repeat(TestsRepeater.java:11)\r\n\tat com.intellij.rt.junit.IdeaTestRunner$Repeater.startRunnerWithArgs(IdeaTestRunner.java:35)\r\n\tat com.intellij.rt.junit.JUnitStarter.prepareStreamsAndStart(JUnitStarter.java:231)\r\n\tat com.intellij.rt.junit.JUnitStarter.main(JUnitStarter.java:55)\r\n","flaky":false,"newFailed":false,"newBroken":false,"newPassed":false,"retriesCount":2,"retriesStatusChange":true,"beforeStages":[],"testStage":{"status":"skipped","statusMessage":"Undefined Step. Please add step definition","statusTrace":"java.lang.IllegalStateException: Undefined Step. Please add step definition\r\n\tat io.qameta.allure.cucumber7jvm.AllureCucumber7Jvm.handlePickleStep(AllureCucumber7Jvm.java:414)\r\n\tat io.qameta.allure.cucumber7jvm.AllureCucumber7Jvm.handleTestStepFinished(AllureCucumber7Jvm.java:244)\r\n\tat io.cucumber.core.eventbus.AbstractEventPublisher.send(AbstractEventPublisher.java:51)\r\n\tat io.cucumber.core.eventbus.AbstractEventBus.send(AbstractEventBus.java:12)\r\n\tat io.cucumber.core.runtime.SynchronizedEventBus.send(SynchronizedEventBus.java:47)\r\n\tat io.cucumber.core.runtime.ThreadLocalRunnerSupplier$LocalEventBus.send(ThreadLocalRunnerSupplier.java:62)\r\n\tat io.cucumber.core.runner.TestStep.emitTestStepFinished(TestStep.java:116)\r\n\tat io.cucumber.core.runner.TestStep.run(TestStep.java:67)\r\n\tat io.cucumber.core.runner.PickleStepTestStep.run(PickleStepTestStep.java:51)\r\n\tat io.cucumber.core.runner.TestCase.run(TestCase.java:84)\r\n\tat io.cucumber.core.runner.Runner.runPickle(Runner.java:75)\r\n\tat io.cucumber.junit.PickleRunners$NoStepDescriptions.lambda$run$0(PickleRunners.java:151)\r\n\tat io.cucumber.core.runtime.CucumberExecutionContext.lambda$runTestCase$5(CucumberExecutionContext.java:137)\r\n\tat io.cucumber.core.runtime.RethrowingThrowableCollector.executeAndThrow(RethrowingThrowableCollector.java:23)\r\n\tat io.cucumber.core.runtime.CucumberExecutionContext.runTestCase(CucumberExecutionContext.java:137)\r\n\tat io.cucumber.junit.PickleRunners$NoStepDescriptions.run(PickleRunners.java:148)\r\n\tat io.cucumber.junit.FeatureRunner.runChild(FeatureRunner.java:144)\r\n\tat io.cucumber.junit.FeatureRunner.runChild(FeatureRunner.java:28)\r\n\tat org.junit.runners.ParentRunner$4.run(ParentRunner.java:331)\r\n\tat org.junit.runners.ParentRunner$1.schedule(ParentRunner.java:79)\r\n\tat org.junit.runners.ParentRunner.runChildren(ParentRunner.java:329)\r\n\tat org.junit.runners.ParentRunner.access$100(ParentRunner.java:66)\r\n\tat org.junit.runners.ParentRunner$2.evaluate(ParentRunner.java:293)\r\n\tat org.junit.runners.ParentRunner$3.evaluate(ParentRunner.java:306)\r\n\tat org.junit.runners.ParentRunner.run(ParentRunner.java:413)\r\n\tat io.cucumber.junit.FeatureRunner.run(FeatureRunner.java:137)\r\n\tat io.cucumber.junit.Cucumber.runChild(Cucumber.java:196)\r\n\tat io.cucumber.junit.Cucumber.runChild(Cucumber.java:89)\r\n\tat org.junit.runners.ParentRunner$4.run(ParentRunner.java:331)\r\n\tat org.junit.runners.ParentRunner$1.schedule(ParentRunner.java:79)\r\n\tat org.junit.runners.ParentRunner.runChildren(ParentRunner.java:329)\r\n\tat org.junit.runners.ParentRunner.access$100(ParentRunner.java:66)\r\n\tat org.junit.runners.ParentRunner$2.evaluate(ParentRunner.java:293)\r\n\tat io.cucumber.core.runtime.CucumberExecutionContext.lambda$runFeatures$6(CucumberExecutionContext.java:148)\r\n\tat io.cucumber.core.runtime.CucumberExecutionContext.execute(CucumberExecutionContext.java:163)\r\n\tat io.cucumber.core.runtime.CucumberExecutionContext.runFeatures(CucumberExecutionContext.java:146)\r\n\tat io.cucumber.junit.Cucumber$StartAndFinishTestRun.evaluate(Cucumber.java:226)\r\n\tat org.junit.runners.ParentRunner$3.evaluate(ParentRunner.java:306)\r\n\tat org.junit.runners.ParentRunner.run(ParentRunner.java:413)\r\n\tat org.junit.runner.JUnitCore.run(JUnitCore.java:137)\r\n\tat com.intellij.junit4.JUnit4IdeaTestRunner.startRunnerWithArgs(JUnit4IdeaTestRunner.java:69)\r\n\tat com.intellij.rt.junit.IdeaTestRunner$Repeater$1.execute(IdeaTestRunner.java:38)\r\n\tat com.intellij.rt.execution.junit.TestsRepeater.repeat(TestsRepeater.java:11)\r\n\tat com.intellij.rt.junit.IdeaTestRunner$Repeater.startRunnerWithArgs(IdeaTestRunner.java:35)\r\n\tat com.intellij.rt.junit.JUnitStarter.prepareStreamsAndStart(JUnitStarter.java:231)\r\n\tat com.intellij.rt.junit.JUnitStarter.main(JUnitStarter.java:55)\r\n","steps":[{"name":"*  Database connection is established.","time":{"start":1761071882740,"stop":1761071882740,"duration":0},"status":"passed","steps":[],"attachments":[],"parameters":[],"shouldDisplayMessage":false,"attachmentsCount":0,"stepsCount":0,"attachmentStep":false,"hasContent":false},{"name":"*  Run query","time":{"start":1761071882740,"stop":1761071882743,"duration":3},"status":"unknown","statusMessage":"Undefined Step. Please add step definition","statusTrace":"java.lang.IllegalStateException: Undefined Step. Please add step definition\r\n\tat io.qameta.allure.cucumber7jvm.AllureCucumber7Jvm.handlePickleStep(AllureCucumber7Jvm.java:414)\r\n\tat io.qameta.allure.cucumber7jvm.AllureCucumber7Jvm.handleTestStepFinished(AllureCucumber7Jvm.java:244)\r\n\tat io.cucumber.core.eventbus.AbstractEventPublisher.send(AbstractEventPublisher.java:51)\r\n\tat io.cucumber.core.eventbus.AbstractEventBus.send(AbstractEventBus.java:12)\r\n\tat io.cucumber.core.runtime.SynchronizedEventBus.send(SynchronizedEventBus.java:47)\r\n\tat io.cucumber.core.runtime.ThreadLocalRunnerSupplier$LocalEventBus.send(ThreadLocalRunnerSupplier.java:62)\r\n\tat io.cucumber.core.runner.TestStep.emitTestStepFinished(TestStep.java:116)\r\n\tat io.cucumber.core.runner.TestStep.run(TestStep.java:67)\r\n\tat io.cucumber.core.runner.PickleStepTestStep.run(PickleStepTestStep.java:51)\r\n\tat io.cucumber.core.runner.TestCase.run(TestCase.java:84)\r\n\tat io.cucumber.core.runner.Runner.runPickle(Runner.java:75)\r\n\tat io.cucumber.junit.PickleRunners$NoStepDescriptions.lambda$run$0(PickleRunners.java:151)\r\n\tat io.cucumber.core.runtime.CucumberExecutionContext.lambda$runTestCase$5(CucumberExecutionContext.java:137)\r\n\tat io.cucumber.core.runtime.RethrowingThrowableCollector.executeAndThrow(RethrowingThrowableCollector.java:23)\r\n\tat io.cucumber.core.runtime.CucumberExecutionContext.runTestCase(CucumberExecutionContext.java:137)\r\n\tat io.cucumber.junit.PickleRunners$NoStepDescriptions.run(PickleRunners.java:148)\r\n\tat io.cucumber.junit.FeatureRunner.runChild(FeatureRunner.java:144)\r\n\tat io.cucumber.junit.FeatureRunner.runChild(FeatureRunner.java:28)\r\n\tat org.junit.runners.ParentRunner$4.run(ParentRunner.java:331)\r\n\tat org.junit.runners.ParentRunner$1.schedule(ParentRunner.java:79)\r\n\tat org.junit.runners.ParentRunner.runChildren(ParentRunner.java:329)\r\n\tat org.junit.runners.ParentRunner.access$100(ParentRunner.java:66)\r\n\tat org.junit.runners.ParentRunner$2.evaluate(ParentRunner.java:293)\r\n\tat org.junit.runners.ParentRunner$3.evaluate(ParentRunner.java:306)\r\n\tat org.junit.runners.ParentRunner.run(ParentRunner.java:413)\r\n\tat io.cucumber.junit.FeatureRunner.run(FeatureRunner.java:137)\r\n\tat io.cucumber.junit.Cucumber.runChild(Cucumber.java:196)\r\n\tat io.cucumber.junit.Cucumber.runChild(Cucumber.java:89)\r\n\tat org.junit.runners.ParentRunner$4.run(ParentRunner.java:331)\r\n\tat org.junit.runners.ParentRunner$1.schedule(ParentRunner.java:79)\r\n\tat org.junit.runners.ParentRunner.runChildren(ParentRunner.java:329)\r\n\tat org.junit.runners.ParentRunner.access$100(ParentRunner.java:66)\r\n\tat org.junit.runners.ParentRunner$2.evaluate(ParentRunner.java:293)\r\n\tat io.cucumber.core.runtime.CucumberExecutionContext.lambda$runFeatures$6(CucumberExecutionContext.java:148)\r\n\tat io.cucumber.core.runtime.CucumberExecutionContext.execute(CucumberExecutionContext.java:163)\r\n\tat io.cucumber.core.runtime.CucumberExecutionContext.runFeatures(CucumberExecutionContext.java:146)\r\n\tat io.cucumber.junit.Cucumber$StartAndFinishTestRun.evaluate(Cucumber.java:226)\r\n\tat org.junit.runners.ParentRunner$3.evaluate(ParentRunner.java:306)\r\n\tat org.junit.runners.ParentRunner.run(ParentRunner.java:413)\r\n\tat org.junit.runner.JUnitCore.run(JUnitCore.java:137)\r\n\tat com.intellij.junit4.JUnit4IdeaTestRunner.startRunnerWithArgs(JUnit4IdeaTestRunner.java:69)\r\n\tat com.intellij.rt.junit.IdeaTestRunner$Repeater$1.execute(IdeaTestRunner.java:38)\r\n\tat com.intellij.rt.execution.junit.TestsRepeater.repeat(TestsRepeater.java:11)\r\n\tat com.intellij.rt.junit.IdeaTestRunner$Repeater.startRunnerWithArgs(IdeaTestRunner.java:35)\r\n\tat com.intellij.rt.junit.JUnitStarter.prepareStreamsAndStart(JUnitStarter.java:231)\r\n\tat com.intellij.rt.junit.JUnitStarter.main(JUnitStarter.java:55)\r\n","steps":[],"attachments":[],"parameters":[],"shouldDisplayMessage":true,"attachmentsCount":0,"stepsCount":0,"attachmentStep":false,"hasContent":true},{"name":"*  Optionally assert returned row count","time":{"start":1761071882744,"stop":1761071882744,"duration":0},"status":"skipped","steps":[],"attachments":[],"parameters":[],"shouldDisplayMessage":false,"attachmentsCount":0,"stepsCount":0,"attachmentStep":false,"hasContent":false},{"name":"*  Database connection is closed","time":{"start":1761071882744,"stop":1761071882745,"duration":1},"status":"skipped","steps":[],"attachments":[],"parameters":[],"shouldDisplayMessage":false,"attachmentsCount":0,"stepsCount":0,"attachmentStep":false,"hasContent":false}],"attachments":[],"parameters":[],"shouldDisplayMessage":false,"attachmentsCount":0,"stepsCount":4,"attachmentStep":false,"hasContent":true},"afterStages":[{"name":"hooks.HooksAPI.captureScreenshotOnFailure(io.cucumber.java.Scenario)","time":{"start":1761071882745,"stop":1761071882745,"duration":0},"status":"passed","steps":[],"attachments":[],"parameters":[],"shouldDisplayMessage":false,"attachmentsCount":0,"stepsCount":0,"attachmentStep":false,"hasContent":false}],"labels":[{"name":"tag","value":"DataBaseAll"},{"name":"tag","value":"DB24"},{"name":"host","value":"yusuf"},{"name":"thread","value":"27240@yusuf.main(1)"},{"name":"feature","value":"BACKEND JDBC TESTING"},{"name":"story","value":"US24 Filter orders by email & subtotal, order_number desc"},{"name":"suite","value":"BACKEND JDBC TESTING"},{"name":"testClass","value":"US24 Filter orders by email & subtotal, order_number desc"},{"name":"framework","value":"cucumber4jvm"},{"name":"language","value":"java"},{"name":"gherkin_uri","value":"file:///C:/Users/yusuf/IdeaProjects/Api_Pro_Instulearn/src/test/resources/features/api/feature/DB/DataBaseAll.feature"},{"name":"package","value":"src.test.resources.features.api.feature.DB.DataBaseAll_feature.BACKEND JDBC TESTING"},{"name":"resultFormat","value":"allure2"}],"parameters":[],"links":[],"hidden":false,"retry":false,"extra":{"severity":"normal","retries":[{"uid":"3244b7f873996f4b","status":"passed","time":{"start":1761071354481,"stop":1761071354484,"duration":3}},{"uid":"5d637be1e7a507a0","status":"broken","statusDetails":"Unknown column 'order_number' in 'SELECT'","time":{"start":1761071212862,"stop":1761071218128,"duration":5266}}],"categories":[],"tags":["DataBaseAll","DB24"]},"source":"6a614571faf0e830.json","parameterValues":[]}