{"uid":"e6da43c3fc9d157d","name":"US29 Average grand_total of paid orders","fullName":"BACKEND JDBC TESTING: US29 Average grand_total of paid orders","historyId":"7fafb9ae3de70e5e0a6d8e44ac05c151","time":{"start":1761060460601,"stop":1761060465953,"duration":5352},"status":"broken","statusMessage":"Kolon bulunamadı: grand_total @orders adaylar=[grand_total, total, order_total]","statusTrace":"java.lang.RuntimeException: Kolon bulunamadı: grand_total @orders adaylar=[grand_total, total, order_total]\r\n\tat stepdefinitions.DataBaseAll.getColOrThrow(DataBaseAll.java:91)\r\n\tat stepdefinitions.DataBaseAll.db29_avg_paid_orders(DataBaseAll.java:859)\r\n\tat ✽.Execute AVG query(file:///C:/Users/yusuf/IdeaProjects/Api_Pro_Instulearn/src/test/resources/features/api/feature/DB/DataBaseAll.feature:348)\r\n","flaky":false,"newFailed":false,"newBroken":false,"newPassed":false,"retriesCount":2,"retriesStatusChange":true,"beforeStages":[],"testStage":{"status":"broken","statusMessage":"Kolon bulunamadı: grand_total @orders adaylar=[grand_total, total, order_total]","statusTrace":"java.lang.RuntimeException: Kolon bulunamadı: grand_total @orders adaylar=[grand_total, total, order_total]\r\n\tat stepdefinitions.DataBaseAll.getColOrThrow(DataBaseAll.java:91)\r\n\tat stepdefinitions.DataBaseAll.db29_avg_paid_orders(DataBaseAll.java:859)\r\n\tat ✽.Execute AVG query(file:///C:/Users/yusuf/IdeaProjects/Api_Pro_Instulearn/src/test/resources/features/api/feature/DB/DataBaseAll.feature:348)\r\n","steps":[{"name":"*  Database connection is established.","time":{"start":1761060460601,"stop":1761060465778,"duration":5177},"status":"passed","steps":[],"attachments":[],"parameters":[],"shouldDisplayMessage":false,"attachmentsCount":0,"stepsCount":0,"attachmentStep":false,"hasContent":false},{"name":"*  Execute AVG query","time":{"start":1761060465779,"stop":1761060465952,"duration":173},"status":"broken","statusMessage":"Kolon bulunamadı: grand_total @orders adaylar=[grand_total, total, order_total]","statusTrace":"java.lang.RuntimeException: Kolon bulunamadı: grand_total @orders adaylar=[grand_total, total, order_total]\r\n\tat stepdefinitions.DataBaseAll.getColOrThrow(DataBaseAll.java:91)\r\n\tat stepdefinitions.DataBaseAll.db29_avg_paid_orders(DataBaseAll.java:859)\r\n\tat ✽.Execute AVG query(file:///C:/Users/yusuf/IdeaProjects/Api_Pro_Instulearn/src/test/resources/features/api/feature/DB/DataBaseAll.feature:348)\r\n","steps":[],"attachments":[],"parameters":[],"shouldDisplayMessage":true,"attachmentsCount":0,"stepsCount":0,"attachmentStep":false,"hasContent":true},{"name":"*  Database connection is closed","time":{"start":1761060465953,"stop":1761060465953,"duration":0},"status":"skipped","steps":[],"attachments":[],"parameters":[],"shouldDisplayMessage":false,"attachmentsCount":0,"stepsCount":0,"attachmentStep":false,"hasContent":false}],"attachments":[],"parameters":[],"shouldDisplayMessage":false,"attachmentsCount":0,"stepsCount":3,"attachmentStep":false,"hasContent":true},"afterStages":[],"labels":[{"name":"tag","value":"DataBaseAll"},{"name":"tag","value":"DB29"},{"name":"host","value":"yusuf"},{"name":"thread","value":"7980@yusuf.main(1)"},{"name":"feature","value":"BACKEND JDBC TESTING"},{"name":"story","value":"US29 Average grand_total of paid orders"},{"name":"suite","value":"BACKEND JDBC TESTING"},{"name":"testClass","value":"US29 Average grand_total of paid orders"},{"name":"framework","value":"cucumber4jvm"},{"name":"language","value":"java"},{"name":"gherkin_uri","value":"file:///C:/Users/yusuf/IdeaProjects/Api_Pro_Instulearn/src/test/resources/features/api/feature/DB/DataBaseAll.feature"},{"name":"package","value":"src.test.resources.features.api.feature.DB.DataBaseAll_feature.BACKEND JDBC TESTING"},{"name":"resultFormat","value":"allure2"}],"parameters":[],"links":[],"hidden":false,"retry":false,"extra":{"severity":"normal","retries":[{"uid":"ea0573a7e04fd536","status":"broken","statusDetails":"java.sql.SQLSyntaxErrorException: Unknown column 'grand_total' in 'SELECT'","time":{"start":1761058538007,"stop":1761058543296,"duration":5289}},{"uid":"1af682c5e57e2d07","status":"passed","time":{"start":1761058314547,"stop":1761058314550,"duration":3}}],"categories":[{"name":"Test defects","matchedStatuses":[],"flaky":false}],"tags":["DataBaseAll","DB29"]},"source":"e6da43c3fc9d157d.json","parameterValues":[]}